C51 COMPILER V9.01   SC95F_PWR                                                             09/11/2020 09:24:25 PAGE 1   
C51 COMPILER V9.01, COMPILATION OF MODULE SC95F_PWR
OBJECT MODULE PLACED IN ..\Output\sc95f_pwr.obj
COMPILER INVOKED BY: E:\Keil\C51\BIN\C51.EXE ..\FWLib\SC95F_Lib\src\sc95f_pwr.c OMF2 BROWSE INCDIR(..\FWLib\SC95F_Lib\in
                    -c;..\User) DEFINE(SC95F8x2x) DEBUG PRINT(..\List\sc95f_pwr.lst) OBJECT(..\Output\sc95f_pwr.obj)
line level    source
   1         
   2         
   3         
   4         
   5         
   6         
   7         
   8         
   9         
  10         
  11          #include "sc95f_pwr.h"
  12          
  13          
  19          void PWR_DeInit(void)
  20          {
  21   1              PCON &= 0XFC;
  22   1      }
  23          
  24          
  30          void PWR_EnterSTOPMode(void)
  31          {
  32   1              PCON |= 0X02;                  
  33   1              _nop_();
  34   1              _nop_();
  35   1              _nop_();
  36   1              _nop_();
  37   1              _nop_();
  38   1              _nop_();
  39   1              _nop_();
  40   1              _nop_();                
  41   1      }
  42          
  48          void PWR_EnterIDLEMode(void)
  49          {
  50   1              PCON |= 0X01;
  51   1              _nop_();
  52   1              _nop_();
  53   1              _nop_();
  54   1              _nop_();
  55   1              _nop_();
  56   1              _nop_();
  57   1              _nop_();
  58   1              _nop_();                
  59   1      }
  60          
MODULE INFORMATION:   STATIC OVERLAYABLE
   CODE SIZE        =     28    ----
   CONSTANT SIZE    =   ----    ----
   XDATA SIZE       =   ----    ----
   PDATA SIZE       =   ----    ----
   DATA SIZE        =   ----    ----
   IDATA SIZE       =   ----    ----
   BIT SIZE         =   ----    ----
   EDATA SIZE       =   ----    ----
   HDATA SIZE       =   ----    ----
   XDATA CONST SIZE =   ----    ----
   FAR CONST SIZE   =   ----    ----
END OF MODULE INFORMATION.
C51 COMPILATION COMPLETE.  0 WARNING(S),  0 ERROR(S)
