C51 COMPILER V9.01   SC95F_ACMP                                                            09/07/2020 16:59:31 PAGE 1   
C51 COMPILER V9.01, COMPILATION OF MODULE SC95F_ACMP
OBJECT MODULE PLACED IN ..\Output\sc95f_acmp.obj
COMPILER INVOKED BY: E:\Keil\C51\BIN\C51.EXE ..\FWLib\SC95F_Lib\src\sc95f_acmp.c OMF2 BROWSE INCDIR(..\FWLib\SC95F_Lib\i
                    -nc;..\User) DEFINE(SC95F8x2x) DEBUG PRINT(..\List\sc95f_acmp.lst) OBJECT(..\Output\sc95f_acmp.obj)
line level    source
   1         
   2         
   3         
   4         
   5         
   6         
   7         
   8         
   9         
  10         
  11          
  12          #include "sc95f_acmp.h"
  13          
  14          #if defined (SC95F8x1x) || defined (SC95F7x1x)  
              void ACMP_DeInit(void)
              {
                      CMPCON = 0X00;
                  CMPCFG = 0X00;
              }
              void ACMP_Init(ACMP_Vref_Typedef ACMP_Vref, ACMP_Channel_TypeDef ACMP_Channel)
              {
                      CMPCON = CMPCON & 0XF0 | ACMP_Vref;
                      CMPCFG = CMPCFG & 0XFC | ACMP_Channel;
              }
              void ACMP_SetTriggerMode(ACMP_TriggerMode_Typedef ACMP_TriggerMode)
              {
                      CMPCFG = CMPCFG & 0X03 | ACMP_TriggerMode; 
              }
              void ACMP_Cmd(FunctionalState NewState)
              {
                      if(NewState == DISABLE)
                      {
                              CMPCON &= 0X7F;
                      }
                      else
                      {
                              CMPCON |= 0x80;
                      }       
              }
              void ACMP_ITConfig(FunctionalState NewState, PriorityStatus Priority)
              {
                  if(NewState == DISABLE)
                  {
                     IE1 &= 0XBF;
                  }
                  else
                  {
                     IE1 |= 0X20;
                  }
                      if(Priority == LOW)
                      {
                              IP1 &= 0XBF;
                      }
                      else
                      {
                              IP1 |= 0X20;
                      }
              }
              FlagStatus ACMP_GetFlagStatus(ACMP_Flag_TypeDef ACMP_Flag)
              {
                      return (FlagStatus)(CMPCON & ACMP_Flag);
              }
              void ACMP_ClearFlag(void)
              {
                 CMPCON &= (~ACMP_FLAG_CMPIF);
              }
              #endif
 119          
MODULE INFORMATION:   STATIC OVERLAYABLE
   CODE SIZE        =   ----    ----
   CONSTANT SIZE    =   ----    ----
   XDATA SIZE       =   ----    ----
   PDATA SIZE       =   ----    ----
   DATA SIZE        =   ----    ----
   IDATA SIZE       =   ----    ----
   BIT SIZE         =   ----    ----
   EDATA SIZE       =   ----    ----
   HDATA SIZE       =   ----    ----
   XDATA CONST SIZE =   ----    ----
   FAR CONST SIZE   =   ----    ----
END OF MODULE INFORMATION.
C51 COMPILATION COMPLETE.  0 WARNING(S),  0 ERROR(S)
