C51 COMPILER V9.60.0.0   SYSFUNVARDEFINE                                                   04/26/2023 14:07:03 PAGE 1   


C51 COMPILER V9.60.0.0, COMPILATION OF MODULE SYSFUNVARDEFINE
OBJECT MODULE PLACED IN ..\Output\SysFunVarDefine.obj
COMPILER INVOKED BY: D:\Program Files (x86)\keil_v5\C51\BIN\C51.EXE ..\User\SysFunVarDefine.c LARGE OBJECTADVANCED OPTIM
                    -IZE(9,SIZE) BROWSE INCDIR(..\FWLib\SC95F_Lib\inc;..\User;..\User\Funtion;..\SOC_DebugTouchKey_Lib;..\SOC_DebugTouchKey_L
                    -ib;..\IAP_Lib) DEFINE(SC95F8x1xB) DEBUG PRINT(..\List\SysFunVarDefine.lst) TABS(2) OBJECT(..\Output\SysFunVarDefine.obj)

line level    source

   1          #include "SC_System.h"
   2           extern void Time_Process(void);
   3           extern  void Sleep_Clr();//关闭耗电外设
   4             
   5          unsigned long exKeyValueFlag = 0;
   6          unsigned int TK_NoKeyCount = 0;
   7          extern unsigned char gcSleepDelayTime;
   8          // 唤醒后会执行该函数
   9           void Customer_BTM_Dispose()
  10          {
  11   1        gcSleepDelayTime = 0;
  12   1        Clr_SleepEnFlag;
  13   1      }
  14          //进入低功耗前处理
  15           void Customer_IntoLowPowerMode_Init()
  16          {
  17   1        gcSleepDelayTime = 0;
  18   1        Clr_SleepEnFlag;
  19   1        
  20   1        Sleep_Clr();
  21   1        
  22   1        
  23   1      }
  24          
  25          //退出低功耗处理
  26           void Customer_QuitLowPowerMode_Init()
  27          {
  28   1        gcSleepDelayTime = 0;
  29   1        Clr_SleepEnFlag;
  30   1        
  31   1         SC_Init();
  32   1      }
  33          
  34          bit enable_keyfree=0;
  35          void Key_Scan()
  36          {
  37   1         if(SOCAPI_TouchKeyStatus & 0x80)
  38   1            {
  39   2                SOCAPI_TouchKeyStatus &= 0x7f;
  40   2                exKeyValueFlag = TouchKeyScan();  
  41   2      //           if(enable_keyfree)
  42   2      //           {
  43   2      //           enable_keyfree=0;
  44   2      //           }
  45   2                if(exKeyValueFlag == 0 )
  46   2                {
  47   3                    TK_NoKeyCount ++;
  48   3      //            if(TK_NoKeyCount>=65530)
  49   3      //            {
  50   3      //              TK_NoKeyCount=0;
  51   3      //            }
  52   3                    if (SleepEnFlag)
  53   3                    {
C51 COMPILER V9.60.0.0   SYSFUNVARDEFINE                                                   04/26/2023 14:07:03 PAGE 2   

  54   4                        TK_NoKeyCount  = 0;
  55   4                        TouchKey_IntoLowPowerMode();
  56   4                    }
  57   3                }
  58   2                else
  59   2                {
  60   3                    TK_NoKeyCount = 0;
  61   3                }
  62   2              
  63   2                TouchKeyRestart();      
  64   2            }  
  65   1      
  66   1      }
  67          
  68          void Delay1ms() //@33.000MHz
  69          {
  70   1          unsigned char i, j;
  71   1          i = 33;
  72   1          j = 22;
  73   1          do
  74   1          {
  75   2              while (--j)
  76   2                  ;
  77   2          } while (--i);
  78   1      }
  79          /*************************************.Generated by EasyCodeCube.************************************/


MODULE INFORMATION:   STATIC OVERLAYABLE
   CODE SIZE        =    127    ----
   CONSTANT SIZE    =   ----    ----
   XDATA SIZE       =      6    ----
   PDATA SIZE       =   ----    ----
   DATA SIZE        =   ----    ----
   IDATA SIZE       =   ----    ----
   BIT SIZE         =      1    ----
   EDATA SIZE       =   ----    ----
   HDATA SIZE       =   ----    ----
   XDATA CONST SIZE =   ----    ----
   FAR CONST SIZE   =   ----    ----
END OF MODULE INFORMATION.


C51 COMPILATION COMPLETE.  0 WARNING(S),  0 ERROR(S)
