C51 COMPILER V9.01   SC95F_DDIC                                                            09/07/2020 16:59:32 PAGE 1   
C51 COMPILER V9.01, COMPILATION OF MODULE SC95F_DDIC
OBJECT MODULE PLACED IN ..\Output\sc95f_ddic.obj
COMPILER INVOKED BY: E:\Keil\C51\BIN\C51.EXE ..\FWLib\SC95F_Lib\src\sc95f_ddic.c OMF2 BROWSE INCDIR(..\FWLib\SC95F_Lib\i
                    -nc;..\User) DEFINE(SC95F8x2x) DEBUG PRINT(..\List\sc95f_ddic.lst) OBJECT(..\Output\sc95f_ddic.obj)
line level    source
   1         
   2         
   3         
   4         
   5         
   6         
   7         
   8         
   9         
  10         
  11          
  12          #include "sc95f_ddic.h"
  13          
  14          #if defined (SC95F8x1x) || defined (SC95F7x1x)  
              uint8_t xdata LCDRAM[30] _at_ 0x1000;
              void DDIC_DeInit(void)
              {
                      DDRCON = 0X00;
                      P0VO = 0X00;
                      P1VO = 0X00;
                      P2VO = 0X00;
                      P3VO = 0X00;
                      OTCON &= 0XF0;
              }
              void DDIC_Init(DDIC_DutyCycle_TypeDef DDIC_DutyCylce, uint8_t P0OutputPin, uint8_t P1OutputPin, uint8_t P2
             -OutputPin, uint8_t P3OutputPin)
              {
                      DDRCON = DDRCON & 0XCF | DDIC_DutyCylce;
                      P0VO = P0OutputPin;
                      P1VO = P1OutputPin;
                      P2VO = P2OutputPin;
                      P3VO = P3OutputPin;                     
              }
              void DDIC_LEDConfig(void)
              {
                      DDRCON |= 0X40;
              }
              void DDIC_LCDConfig(uint8_t LCDVoltage, DDIC_ResSel_Typedef DDIC_ResSel, DDIC_BiasVoltage_Typedef DDIC_Bia
             -sVoltage)
              {
                      DDRCON = DDRCON & 0XB0 | LCDVoltage;
                      OTCON = OTCON & 0XF2 | DDIC_ResSel | DDIC_BiasVoltage;                  
              }
              void DDIC_DMOD_Selcet(DDIC_DMOD_TypeDef DDIC_DMOD)
              {
                      if(DDIC_DMOD == DMOD_LED)
                      {
                              DDRCON |= 0X40;
                      }
                      else
                      {
                              DDRCON &= 0XBF;
                      }
              }
              void DDIC_OutputPinOfDutycycleD4(DDIC_OutputPin_TypeDef DDIC_OutputPin)
              {
                      if(DDIC_OutputPin == SEG4_27COM0_3)
                      {
                              OTCON |= 0X02;
                      }
                      else
                      {
                              OTCON &= 0Xfd;
                      }
              }
              void DDIC_Cmd(FunctionalState NewState)
              {
                      if(NewState == DISABLE)
                      {
                              DDRCON &= 0X7F;
                      }
                      else
                      {
                              DDRCON |= 0x80;
                      }       
              }
              void DDIC_Control(DDIC_Control_SEG_TypeDef DDIC_Seg,DDIC_Control_COM_TypeDef DDIC_Com,DDIC_Control_Status 
             -DDIC_Contr)
              {
                      if(DDIC_Contr)
                      {
                               LCDRAM[DDIC_Seg] |= DDIC_Com;
                      }
                      else
                      {
                               LCDRAM[DDIC_Seg] &= (~DDIC_Com);
                      }
              }
              #endif
 149          
MODULE INFORMATION:   STATIC OVERLAYABLE
   CODE SIZE        =   ----    ----
   CONSTANT SIZE    =   ----    ----
   XDATA SIZE       =   ----    ----
   PDATA SIZE       =   ----    ----
   DATA SIZE        =   ----    ----
   IDATA SIZE       =   ----    ----
   BIT SIZE         =   ----    ----
   EDATA SIZE       =   ----    ----
   HDATA SIZE       =   ----    ----
   XDATA CONST SIZE =   ----    ----
   FAR CONST SIZE   =   ----    ----
END OF MODULE INFORMATION.
C51 COMPILATION COMPLETE.  0 WARNING(S),  0 ERROR(S)
