C51 COMPILER V9.60.0.0   SYSFUNVARDEFINE                                                   10/13/2023 17:22:46 PAGE 1   


C51 COMPILER V9.60.0.0, COMPILATION OF MODULE SYSFUNVARDEFINE
OBJECT MODULE PLACED IN ..\Output\SysFunVarDefine.obj
COMPILER INVOKED BY: D:\Program Files (x86)\keil_v5\C51\BIN\C51.EXE ..\User\SysFunVarDefine.c LARGE OBJECTADVANCED OPTIM
                    -IZE(9,SIZE) BROWSE INCDIR(..\FWLib\SC95F_Lib\inc;..\User;..\User\Funtion;..\SOC_DebugTouchKey_Lib;..\SOC_DebugTouchKey_L
                    -ib) DEFINE(SC95F8x1xB) DEBUG PRINT(..\List\SysFunVarDefine.lst) TABS(2) OBJECT(..\Output\SysFunVarDefine.obj)

line level    source

   1          #include "SC_System.h"
   2           extern void Time_Process(void);
   3           extern  void Sleep_Clr();//关闭耗电外设
   4             
   5          unsigned long exKeyValueFlag = 0;
   6          unsigned int TK_NoKeyCount = 0;
   7          extern unsigned char gcSleepDelayTime;
   8          // 唤醒后会执行该函数
   9           void Customer_BTM_Dispose()
  10          {
  11   1        gcSleepDelayTime = 0;
  12   1        Clr_SleepEnFlag;
  13   1      }
  14          //进入低功耗前处理
  15           void Customer_IntoLowPowerMode_Init()
  16          {
  17   1        gcSleepDelayTime = 0;
  18   1        Clr_SleepEnFlag;
  19   1        
  20   1        Sleep_Clr();
  21   1        
  22   1        
  23   1      }
  24          
  25          //退出低功耗处理
  26           void Customer_QuitLowPowerMode_Init()
  27          {
  28   1        gcSleepDelayTime = 0;
  29   1        Clr_SleepEnFlag;
  30   1        
  31   1         SC_Init();
  32   1         SC_GPIO_LowOutput();
  33   1      }
  34          
  35          bit enable_keyfree=0;
  36          void Key_Scan()
  37          {
  38   1         if(SOCAPI_TouchKeyStatus & 0x80)
  39   1            {
  40   2                SOCAPI_TouchKeyStatus &= 0x7f;
  41   2                exKeyValueFlag = TouchKeyScan();  
  42   2      //           if(enable_keyfree)
  43   2      //           {
  44   2      //           enable_keyfree=0;
  45   2      //           }
  46   2                if(exKeyValueFlag == 0 )
  47   2                {
  48   3                    TK_NoKeyCount ++;
  49   3      //            if(TK_NoKeyCount>=65530)
  50   3      //            {
  51   3      //              TK_NoKeyCount=0;
  52   3      //            }
  53   3                    if (SleepEnFlag)
C51 COMPILER V9.60.0.0   SYSFUNVARDEFINE                                                   10/13/2023 17:22:46 PAGE 2   

  54   3                    {
  55   4                        TK_NoKeyCount  = 0;
  56   4                        TouchKey_IntoLowPowerMode();
  57   4                    }
  58   3                }
  59   2                else
  60   2                {
  61   3                    TK_NoKeyCount = 0;
  62   3                }
  63   2              
  64   2                TouchKeyRestart();      
  65   2            }  
  66   1      
  67   1      }
  68          
  69          void Delay1ms()   //@33.000MHz
  70          {
  71   1          unsigned char i, j;
  72   1          i = 33;
  73   1          j = 22;
  74   1          do
  75   1          {
  76   2              while (--j)
  77   2                  ;
  78   2          } while (--i);
  79   1      }
  80          /*************************************.Generated by EasyCodeCube.************************************/


MODULE INFORMATION:   STATIC OVERLAYABLE
   CODE SIZE        =    130    ----
   CONSTANT SIZE    =   ----    ----
   XDATA SIZE       =      6    ----
   PDATA SIZE       =   ----    ----
   DATA SIZE        =   ----    ----
   IDATA SIZE       =   ----    ----
   BIT SIZE         =      1    ----
   EDATA SIZE       =   ----    ----
   HDATA SIZE       =   ----    ----
   XDATA CONST SIZE =   ----    ----
   FAR CONST SIZE   =   ----    ----
END OF MODULE INFORMATION.


C51 COMPILATION COMPLETE.  0 WARNING(S),  0 ERROR(S)
