***** 2022/11/07 14:26:53 *****
QE Version                                        :3.1.0.v20220401-0732
Project Path                                      :C:\Users\admin\e2_studio\workspace_RA2L1\RA2L1_CTSU
Configuration File                                :RA2L1_CTSU
IDE                                               :e2 studio with Emulator
Emulator                                          :
MCU                                               :RA2L1 R7FA2L1AB3CFP
<< METHOD 0 >>
[Button(self) 0]
TS                                                : TS12,

<<<< Tuning Type : Normal >>>>
System Clock Frequency (MHz)                      :48.000
PCLKB Frequency (MHz)                             :24.000
CTSU Operating Frequency (MHz)                    :24.000
Operating Voltage (V)                             :3.300

---------- Phase1 ----------
<< METHOD 0 >>
[TS12]
Count Value                                       : 2968
Resistance Value (ohm)                            : 510
Parasitic Capacitance (pF)                        : 20.61111
Sensor Drive Pulse Frequency (MHz)                : 2.0


---------- Phase2 ----------
<< METHOD 0 >>
[TS12]
Sensor Drive Pulse Frequency (MHz)                : 2.0
CTSUSNUM                                          : 15
CTSUSDPA                                          : 7
CTSUSO                                            : 211


---------- Phase3 ----------
<< METHOD 0 >>
[Button(self) 0]
  << TS12 >>
  Count Value (Off)                               : 15402
  Count Value (On)                                : 65535
  Threshold                                       : 30079
  Hysteresis                                      : 1503

