C51 COMPILER V9.01   SC_IT                                                                 09/11/2020 09:24:38 PAGE 1   


C51 COMPILER V9.01, COMPILATION OF MODULE SC_IT
OBJECT MODULE PLACED IN ..\Output\SC_it.obj
COMPILER INVOKED BY: E:\Keil\C51\BIN\C51.EXE ..\User\SC_it.c OMF2 BROWSE INCDIR(..\FWLib\SC95F_Lib\inc;..\User) DEFINE(S
                    -C95F8x2x) DEBUG PRINT(..\List\SC_it.lst) OBJECT(..\Output\SC_it.obj)

line level    source

   1          //************************************************************
   2          //  Copyright (c) 深圳市赛元微电子有限公司
   3          //      文件名称        : SC_it.c
   4          //      作者            : 
   5          //      模块功能        : sc95F8x1x 中断服务程序
   6          //      局部函数列表:
   7          //  最后更正日期: 2020/8/14
   8          //      版本            : V1.0   
   9          //*************************************************************
  10          #include "SC_it.h"
  11          #include "..\Drivers\SCDriver_List.h"
  12          void INT0Interrupt()            interrupt 0                             
  13          {
  14   1              /*INT0_it write here*/
  15   1              TCON &= 0XFD;//清中断标志位             
  16   1      }
  17          
  18          void Timer0Interrupt()          interrupt 1                        
  19          {
  20   1              /*TIM0_it write here*/          
  21   1      }
  22          
  23          void INT1Interrupt()            interrupt 2             
  24          {
  25   1              /*INT1_it write here*/  
  26   1              TCON &= 0XF7;//清中断标志位             
  27   1      }
  28          
  29          void Timer1Interrupt()          interrupt 3             
  30          {
  31   1              /*TIM1_it write here*/          
  32   1      }
  33          
  34          void UART0Interrupt()           interrupt 4             
  35          {
  36   1              /*UART0_it write here*/         
  37   1      }
  38          
  39          void Timer2Interrupt()          interrupt 5             
  40          {
  41   1              /*TIM2_it write here*/          
  42   1      }
  43          
  44          void ADCInterrupt()                     interrupt 6             
  45          {
  46   1              /*ADC_it write here*/           
  47   1      }
  48          
  49          void USCI0Interrupt()                   interrupt 7             
  50          {
  51   1              /*USCI0_it write here*/         
  52   1      }
  53          
  54          void PWMInterrupt()                     interrupt 8
C51 COMPILER V9.01   SC_IT                                                                 09/11/2020 09:24:38 PAGE 2   

  55          {
  56   1              /*PWM_it write here*/           
  57   1      }
  58          
  59          void BTMInterrupt()                     interrupt 9
  60          {
  61   1              /*BTM_it write here*/           
  62   1      }
  63          
  64          void INT2Interrupt()            interrupt 10
  65          {
  66   1              /*INT2_it write here*/          
  67   1      }
  68          
  69          void ACMPInterrupt()            interrupt 12
  70          {
  71   1              /*ACMP_it write here*/          
  72   1      }
  73          void Timer3Interrupt()          interrupt 13
  74          {
  75   1              /*Timer3_it write here*/                
  76   1      }
  77          void Timer4Interrupt()          interrupt 14
  78          {
  79   1              /*Timer4_it write here*/                
  80   1      }
  81          void USCI1Interrupt()           interrupt 15            
  82          {
  83   1              /*USCI1_it write here*/         
  84   1      }
  85          void USCI2Interrupt()           interrupt 16            
  86          {
  87   1              /*USCI2_it write here*/         
  88   1      }


MODULE INFORMATION:   STATIC OVERLAYABLE
   CODE SIZE        =     70    ----
   CONSTANT SIZE    =   ----    ----
   XDATA SIZE       =   ----    ----
   PDATA SIZE       =   ----    ----
   DATA SIZE        =   ----    ----
   IDATA SIZE       =   ----    ----
   BIT SIZE         =   ----    ----
   EDATA SIZE       =   ----    ----
   HDATA SIZE       =   ----    ----
   XDATA CONST SIZE =   ----    ----
   FAR CONST SIZE   =   ----    ----
END OF MODULE INFORMATION.


C51 COMPILATION COMPLETE.  0 WARNING(S),  0 ERROR(S)
